<?xml version="1.0" encoding="UTF-8"?>
<testsuite name="paytm.exercise.LastNMovingAverageImplTest" tests="3" skipped="0" failures="0" errors="0" timestamp="2019-02-24T21:00:32" hostname="Wendys-MacBook-Pro.local" time="0.038">
  <properties/>
  <testcase name="calculateLast0MovingElementAverage" classname="paytm.exercise.LastNMovingAverageImplTest" time="0.035"/>
  <testcase name="calculateLast2MovingElementAverage" classname="paytm.exercise.LastNMovingAverageImplTest" time="0.001"/>
  <testcase name="calculateLast5MovingElementAverage" classname="paytm.exercise.LastNMovingAverageImplTest" time="0.002"/>
  <system-out><![CDATA[]]></system-out>
  <system-err><![CDATA[]]></system-err>
</testsuite>
